<?xml version="1.0" encoding="UTF-8"?>
<!-- Generated by org.testng.reporters.JUnitXMLReporter -->
<testsuite ignored="0" hostname="ManishKumarJha" failures="0" tests="4" name="Test" time="9.872" errors="0" timestamp="2024-03-16T23:22:45 IST">
  <testcase classname="apiChaining.CreateUser" name="testCreateuser" time="5.123"/>
  <testcase classname="apiChaining.GetUser" name="testGetUser" time="2.454"/>
  <testcase classname="apiChaining.UpdateUser" name="testUpdateUser" time="1.024"/>
  <testcase classname="apiChaining.DeleteUser" name="testDeleteUser" time="1.166"/>
</testsuite> <!-- Test -->
