<?xml version="1.0" encoding="UTF-8"?>
<testng-results ignored="0" total="4" passed="4" failed="0" skipped="0">
  <reporter-output>
  </reporter-output>
  <suite started-at="2024-03-16T23:36:28 IST" name="Suite" finished-at="2024-03-16T23:36:37 IST" duration-ms="9117">
    <groups>
    </groups>
    <test started-at="2024-03-16T23:36:28 IST" name="Test1" finished-at="2024-03-16T23:36:34 IST" duration-ms="5615">
      <class name="apiChaining.CreateUser">
        <test-method signature="testCreateuser(org.testng.ITestContext)[pri:0, instance:apiChaining.CreateUser@2e4b8173]" started-at="2024-03-16T23:36:28 IST" name="testCreateuser" finished-at="2024-03-16T23:36:33 IST" duration-ms="5547" status="PASS">
          <params>
            <param index="0">
              <value>
                <![CDATA[org.testng.TestRunner@5b12b668]]>
              </value>
            </param>
          </params>
          <reporter-output>
          </reporter-output>
        </test-method> <!-- testCreateuser -->
      </class> <!-- apiChaining.CreateUser -->
    </test> <!-- Test1 -->
    <test started-at="2024-03-16T23:36:34 IST" name="Test2" finished-at="2024-03-16T23:36:35 IST" duration-ms="1077">
      <class name="apiChaining.GetUser">
        <test-method signature="testGetUser(org.testng.ITestContext)[pri:0, instance:apiChaining.GetUser@6eda5c9]" started-at="2024-03-16T23:36:34 IST" name="testGetUser" finished-at="2024-03-16T23:36:35 IST" duration-ms="1071" status="PASS">
          <params>
            <param index="0">
              <value>
                <![CDATA[org.testng.TestRunner@45c408a4]]>
              </value>
            </param>
          </params>
          <reporter-output>
          </reporter-output>
        </test-method> <!-- testGetUser -->
      </class> <!-- apiChaining.GetUser -->
    </test> <!-- Test2 -->
    <test started-at="2024-03-16T23:36:35 IST" name="Test3" finished-at="2024-03-16T23:36:36 IST" duration-ms="1009">
      <class name="apiChaining.UpdateUser">
        <test-method signature="testUpdateUser(org.testng.ITestContext)[pri:0, instance:apiChaining.UpdateUser@6973b51b]" started-at="2024-03-16T23:36:35 IST" name="testUpdateUser" finished-at="2024-03-16T23:36:36 IST" duration-ms="1002" status="PASS">
          <params>
            <param index="0">
              <value>
                <![CDATA[org.testng.TestRunner@7eefaca0]]>
              </value>
            </param>
          </params>
          <reporter-output>
          </reporter-output>
        </test-method> <!-- testUpdateUser -->
      </class> <!-- apiChaining.UpdateUser -->
    </test> <!-- Test3 -->
    <test started-at="2024-03-16T23:36:36 IST" name="Test4" finished-at="2024-03-16T23:36:37 IST" duration-ms="1289">
      <class name="apiChaining.DeleteUser">
        <test-method signature="testDeleteUser(org.testng.ITestContext)[pri:0, instance:apiChaining.DeleteUser@498d318c]" started-at="2024-03-16T23:36:36 IST" name="testDeleteUser" finished-at="2024-03-16T23:36:37 IST" duration-ms="1283" status="PASS">
          <params>
            <param index="0">
              <value>
                <![CDATA[org.testng.TestRunner@237bdbcb]]>
              </value>
            </param>
          </params>
          <reporter-output>
          </reporter-output>
        </test-method> <!-- testDeleteUser -->
      </class> <!-- apiChaining.DeleteUser -->
    </test> <!-- Test4 -->
  </suite> <!-- Suite -->
</testng-results>
